<?xml version="1.0" encoding="UTF-8"?>
<testng-results ignored="0" total="1" passed="1" failed="0" skipped="0">
  <reporter-output>
  </reporter-output>
  <suite started-at="2023-12-16T10:57:15 IST" name="Default suite" finished-at="2023-12-16T10:57:16 IST" duration-ms="86">
    <groups>
    </groups>
    <test started-at="2023-12-16T10:57:15 IST" name="Default test" finished-at="2023-12-16T10:57:16 IST" duration-ms="86">
      <class name="Demo.Sampletest">
        <test-method signature="samptest()[pri:0, instance:Demo.Sampletest@7f3b84b8]" started-at="2023-12-16T10:57:16 IST" name="samptest" finished-at="2023-12-16T10:57:16 IST" duration-ms="12" status="PASS">
          <reporter-output>
          </reporter-output>
        </test-method> <!-- samptest -->
      </class> <!-- Demo.Sampletest -->
    </test> <!-- Default test -->
  </suite> <!-- Default suite -->
</testng-results>
